[01m[K/home/janhavi/MultiMapWormholes/src/switch_places/src/move_to_map_server.cpp:[m[K In member function â€˜[01m[Kbool MoveToMapActionServer::delete_entity_callback(rclcpp::Client<gazebo_msgs::srv::DeleteEntity>::SharedFuture)[m[Kâ€™:
[01m[K/home/janhavi/MultiMapWormholes/src/switch_places/src/move_to_map_server.cpp:291:17:[m[K [01;31m[Kerror: [m[Kâ€˜[01m[Ksuccess[m[Kâ€™ was not declared in this scope; did you mean â€˜[01m[Keaccess[m[Kâ€™?
  291 |                 [01;31m[Ksuccess[m[K = true;
      |                 [01;31m[K^~~~~~~[m[K
      |                 [32m[Keaccess[m[K
[01m[K/home/janhavi/MultiMapWormholes/src/switch_places/src/move_to_map_server.cpp:296:17:[m[K [01;31m[Kerror: [m[Kâ€˜[01m[Ksuccess[m[Kâ€™ was not declared in this scope; did you mean â€˜[01m[Keaccess[m[Kâ€™?
  296 |                 [01;31m[Ksuccess[m[K = false;
      |                 [01;31m[K^~~~~~~[m[K
      |                 [32m[Keaccess[m[K
[01m[K/home/janhavi/MultiMapWormholes/src/switch_places/src/move_to_map_server.cpp:302:13:[m[K [01;31m[Kerror: [m[Kâ€˜[01m[Ksuccess[m[Kâ€™ was not declared in this scope; did you mean â€˜[01m[Keaccess[m[Kâ€™?
  302 |             [01;31m[Ksuccess[m[K = false;
      |             [01;31m[K^~~~~~~[m[K
      |             [32m[Keaccess[m[K
[01m[K/home/janhavi/MultiMapWormholes/src/switch_places/src/move_to_map_server.cpp:304:41:[m[K [01;31m[Kerror: [m[Kâ€˜[01m[Ksuccess[m[Kâ€™ was not declared in this scope; did you mean â€˜[01m[Keaccess[m[Kâ€™?
  304 |         delete_entity_promise.set_value([01;31m[Ksuccess[m[K);
      |                                         [01;31m[K^~~~~~~[m[K
      |                                         [32m[Keaccess[m[K
[01m[K/home/janhavi/MultiMapWormholes/src/switch_places/src/move_to_map_server.cpp:[m[K In member function â€˜[01m[Kbool MoveToMapActionServer::spawn_entity_callback(rclcpp::Client<gazebo_msgs::srv::SpawnEntity>::SharedFuture)[m[Kâ€™:
[01m[K/home/janhavi/MultiMapWormholes/src/switch_places/src/move_to_map_server.cpp:343:13:[m[K [01;31m[Kerror: [m[Kâ€˜[01m[Ksuccess[m[Kâ€™ was not declared in this scope; did you mean â€˜[01m[Keaccess[m[Kâ€™?
  343 |             [01;31m[Ksuccess[m[K = true;
      |             [01;31m[K^~~~~~~[m[K
      |             [32m[Keaccess[m[K
[01m[K/home/janhavi/MultiMapWormholes/src/switch_places/src/move_to_map_server.cpp:346:13:[m[K [01;31m[Kerror: [m[Kâ€˜[01m[Ksuccess[m[Kâ€™ was not declared in this scope; did you mean â€˜[01m[Keaccess[m[Kâ€™?
  346 |             [01;31m[Ksuccess[m[K = false;
      |             [01;31m[K^~~~~~~[m[K
      |             [32m[Keaccess[m[K
[01m[K/home/janhavi/MultiMapWormholes/src/switch_places/src/move_to_map_server.cpp:348:40:[m[K [01;31m[Kerror: [m[Kâ€˜[01m[Ksuccess[m[Kâ€™ was not declared in this scope; did you mean â€˜[01m[Keaccess[m[Kâ€™?
  348 |         spawn_entity_promise.set_value([01;31m[Ksuccess[m[K);
      |                                        [01;31m[K^~~~~~~[m[K
      |                                        [32m[Keaccess[m[K
gmake[2]: *** [CMakeFiles/move_to_map_server.dir/build.make:76: CMakeFiles/move_to_map_server.dir/src/move_to_map_server.cpp.o] Error 1
gmake[1]: *** [CMakeFiles/Makefile2:139: CMakeFiles/move_to_map_server.dir/all] Error 2
gmake: *** [Makefile:146: all] Error 2
