[0.008s] Invoking command in '/home/janhavi/MultiMapWormholes/build/switch_places': CMAKE_PREFIX_PATH=${CMAKE_PREFIX_PATH}:/opt/ros/humble /usr/bin/cmake --build /home/janhavi/MultiMapWormholes/build/switch_places -- -j12 -l12
[0.053s] [35m[1mConsolidate compiler generated dependencies of target move_to_map_server[0m
[0.069s] [ 50%] Built target move_to_map_client
[0.075s] [ 75%] [32mBuilding CXX object CMakeFiles/move_to_map_server.dir/src/move_to_map_server.cpp.o[0m
[2.012s] [01m[K/home/janhavi/MultiMapWormholes/src/switch_places/src/move_to_map_server.cpp:[m[K In member function â€˜[01m[Kbool MoveToMapActionServer::delete_entity_callback(rclcpp::Client<gazebo_msgs::srv::DeleteEntity>::SharedFuture)[m[Kâ€™:
[2.012s] [01m[K/home/janhavi/MultiMapWormholes/src/switch_places/src/move_to_map_server.cpp:291:17:[m[K [01;31m[Kerror: [m[Kâ€˜[01m[Ksuccess[m[Kâ€™ was not declared in this scope; did you mean â€˜[01m[Keaccess[m[Kâ€™?
[2.012s]   291 |                 [01;31m[Ksuccess[m[K = true;
[2.012s]       |                 [01;31m[K^~~~~~~[m[K
[2.012s]       |                 [32m[Keaccess[m[K
[2.018s] [01m[K/home/janhavi/MultiMapWormholes/src/switch_places/src/move_to_map_server.cpp:296:17:[m[K [01;31m[Kerror: [m[Kâ€˜[01m[Ksuccess[m[Kâ€™ was not declared in this scope; did you mean â€˜[01m[Keaccess[m[Kâ€™?
[2.018s]   296 |                 [01;31m[Ksuccess[m[K = false;
[2.018s]       |                 [01;31m[K^~~~~~~[m[K
[2.018s]       |                 [32m[Keaccess[m[K
[2.022s] [01m[K/home/janhavi/MultiMapWormholes/src/switch_places/src/move_to_map_server.cpp:302:13:[m[K [01;31m[Kerror: [m[Kâ€˜[01m[Ksuccess[m[Kâ€™ was not declared in this scope; did you mean â€˜[01m[Keaccess[m[Kâ€™?
[2.022s]   302 |             [01;31m[Ksuccess[m[K = false;
[2.022s]       |             [01;31m[K^~~~~~~[m[K
[2.022s]       |             [32m[Keaccess[m[K
[2.027s] [01m[K/home/janhavi/MultiMapWormholes/src/switch_places/src/move_to_map_server.cpp:304:41:[m[K [01;31m[Kerror: [m[Kâ€˜[01m[Ksuccess[m[Kâ€™ was not declared in this scope; did you mean â€˜[01m[Keaccess[m[Kâ€™?
[2.028s]   304 |         delete_entity_promise.set_value([01;31m[Ksuccess[m[K);
[2.028s]       |                                         [01;31m[K^~~~~~~[m[K
[2.028s]       |                                         [32m[Keaccess[m[K
[2.044s] [01m[K/home/janhavi/MultiMapWormholes/src/switch_places/src/move_to_map_server.cpp:[m[K In member function â€˜[01m[Kbool MoveToMapActionServer::spawn_entity_callback(rclcpp::Client<gazebo_msgs::srv::SpawnEntity>::SharedFuture)[m[Kâ€™:
[2.044s] [01m[K/home/janhavi/MultiMapWormholes/src/switch_places/src/move_to_map_server.cpp:343:13:[m[K [01;31m[Kerror: [m[Kâ€˜[01m[Ksuccess[m[Kâ€™ was not declared in this scope; did you mean â€˜[01m[Keaccess[m[Kâ€™?
[2.044s]   343 |             [01;31m[Ksuccess[m[K = true;
[2.044s]       |             [01;31m[K^~~~~~~[m[K
[2.044s]       |             [32m[Keaccess[m[K
[2.048s] [01m[K/home/janhavi/MultiMapWormholes/src/switch_places/src/move_to_map_server.cpp:346:13:[m[K [01;31m[Kerror: [m[Kâ€˜[01m[Ksuccess[m[Kâ€™ was not declared in this scope; did you mean â€˜[01m[Keaccess[m[Kâ€™?
[2.048s]   346 |             [01;31m[Ksuccess[m[K = false;
[2.048s]       |             [01;31m[K^~~~~~~[m[K
[2.049s]       |             [32m[Keaccess[m[K
[2.052s] [01m[K/home/janhavi/MultiMapWormholes/src/switch_places/src/move_to_map_server.cpp:348:40:[m[K [01;31m[Kerror: [m[Kâ€˜[01m[Ksuccess[m[Kâ€™ was not declared in this scope; did you mean â€˜[01m[Keaccess[m[Kâ€™?
[2.052s]   348 |         spawn_entity_promise.set_value([01;31m[Ksuccess[m[K);
[2.052s]       |                                        [01;31m[K^~~~~~~[m[K
[2.052s]       |                                        [32m[Keaccess[m[K
[3.249s] gmake[2]: *** [CMakeFiles/move_to_map_server.dir/build.make:76: CMakeFiles/move_to_map_server.dir/src/move_to_map_server.cpp.o] Error 1
[3.249s] gmake[1]: *** [CMakeFiles/Makefile2:139: CMakeFiles/move_to_map_server.dir/all] Error 2
[3.249s] gmake: *** [Makefile:146: all] Error 2
[3.251s] Invoked command in '/home/janhavi/MultiMapWormholes/build/switch_places' returned '2': CMAKE_PREFIX_PATH=${CMAKE_PREFIX_PATH}:/opt/ros/humble /usr/bin/cmake --build /home/janhavi/MultiMapWormholes/build/switch_places -- -j12 -l12
