[0.010s] Invoking command in '/home/janhavi/MultiMapWormholes/build/switch_places': CMAKE_PREFIX_PATH=${CMAKE_PREFIX_PATH}:/opt/ros/humble /usr/bin/cmake --build /home/janhavi/MultiMapWormholes/build/switch_places -- -j12 -l12
[0.063s] [35m[1mConsolidate compiler generated dependencies of target move_to_map_server[0m
[0.074s] [ 50%] Built target move_to_map_client
[0.087s] [ 75%] [32mBuilding CXX object CMakeFiles/move_to_map_server.dir/src/move_to_map_server.cpp.o[0m
[2.524s] [01m[K/home/janhavi/MultiMapWormholes/src/switch_places/src/move_to_map_server.cpp:[m[K In constructor â€˜[01m[KMoveToMapActionServer::MoveToMapActionServer()[m[Kâ€™:
[2.524s] [01m[K/home/janhavi/MultiMapWormholes/src/switch_places/src/move_to_map_server.cpp:33:9:[m[K [01;31m[Kerror: [m[Kâ€˜[01m[Kinitial_pose_publisher_[m[Kâ€™ was not declared in this scope
[2.524s]    33 |         [01;31m[Kinitial_pose_publisher_[m[K = this->create_publisher<geometry_msgs::msg::PoseStamped>("initialpose", 10);
[2.524s]       |         [01;31m[K^~~~~~~~~~~~~~~~~~~~~~~[m[K
[2.591s] [01m[K/home/janhavi/MultiMapWormholes/src/switch_places/src/move_to_map_server.cpp:[m[K In member function â€˜[01m[Kvoid MoveToMapActionServer::publish_initial_pose(float, float)[m[Kâ€™:
[2.591s] [01m[K/home/janhavi/MultiMapWormholes/src/switch_places/src/move_to_map_server.cpp:253:9:[m[K [01;31m[Kerror: [m[Kâ€˜[01m[Kinitial_pose_publisher_[m[Kâ€™ was not declared in this scope
[2.591s]   253 |         [01;31m[Kinitial_pose_publisher_[m[K->publish(pose_msg);
[2.591s]       |         [01;31m[K^~~~~~~~~~~~~~~~~~~~~~~[m[K
[2.611s] [01m[K/home/janhavi/MultiMapWormholes/src/switch_places/src/move_to_map_server.cpp:[m[K In member function â€˜[01m[Kbool MoveToMapActionServer::spawn_entity_callback(rclcpp::Client<gazebo_msgs::srv::SpawnEntity>::SharedFuture)[m[Kâ€™:
[2.611s] [01m[K/home/janhavi/MultiMapWormholes/src/switch_places/src/move_to_map_server.cpp:366:29:[m[K [01;31m[Kerror: [m[Kâ€˜[01m[KPoseWithCovarianceStamped[m[Kâ€™ is not a member of â€˜[01m[Kgeometry_msgs::msg[m[Kâ€™
[2.611s]   366 |         geometry_msgs::msg::[01;31m[KPoseWithCovarianceStamped[m[K pose_msg;
[2.611s]       |                             [01;31m[K^~~~~~~~~~~~~~~~~~~~~~~~~[m[K
[2.617s] [01m[K/home/janhavi/MultiMapWormholes/src/switch_places/src/move_to_map_server.cpp:369:9:[m[K [01;31m[Kerror: [m[Kâ€˜[01m[Kpose_msg[m[Kâ€™ was not declared in this scope
[2.617s]   369 |         [01;31m[Kpose_msg[m[K.header.stamp = node->get_clock()->now();
[2.617s]       |         [01;31m[K^~~~~~~~[m[K
[2.622s] [01m[K/home/janhavi/MultiMapWormholes/src/switch_places/src/move_to_map_server.cpp:369:33:[m[K [01;31m[Kerror: [m[Kâ€˜[01m[Knode[m[Kâ€™ was not declared in this scope; did you mean â€˜[01m[KNode[m[Kâ€™?
[2.623s]   369 |         pose_msg.header.stamp = [01;31m[Knode[m[K->get_clock()->now();
[2.623s]       |                                 [01;31m[K^~~~[m[K
[2.623s]       |                                 [32m[KNode[m[K
[2.628s] [01m[K/home/janhavi/MultiMapWormholes/src/switch_places/src/move_to_map_server.cpp:373:41:[m[K [01;31m[Kerror: [m[Kâ€˜[01m[Kx[m[Kâ€™ was not declared in this scope
[2.628s]   373 |         pose_msg.pose.pose.position.x = [01;31m[Kx[m[K;
[2.628s]       |                                         [01;31m[K^[m[K
[2.631s] [01m[K/home/janhavi/MultiMapWormholes/src/switch_places/src/move_to_map_server.cpp:374:41:[m[K [01;31m[Kerror: [m[Kâ€˜[01m[Ky[m[Kâ€™ was not declared in this scope; did you mean â€˜[01m[Kyn[m[Kâ€™?
[2.631s]   374 |         pose_msg.pose.pose.position.y = [01;31m[Ky[m[K;
[2.631s]       |                                         [01;31m[K^[m[K
[2.632s]       |                                         [32m[Kyn[m[K
[4.474s] gmake[2]: *** [CMakeFiles/move_to_map_server.dir/build.make:76: CMakeFiles/move_to_map_server.dir/src/move_to_map_server.cpp.o] Error 1
[4.474s] gmake[1]: *** [CMakeFiles/Makefile2:139: CMakeFiles/move_to_map_server.dir/all] Error 2
[4.474s] gmake: *** [Makefile:146: all] Error 2
[4.476s] Invoked command in '/home/janhavi/MultiMapWormholes/build/switch_places' returned '2': CMAKE_PREFIX_PATH=${CMAKE_PREFIX_PATH}:/opt/ros/humble /usr/bin/cmake --build /home/janhavi/MultiMapWormholes/build/switch_places -- -j12 -l12
